mode: set
github.com/Gophercises/Exercise_18/primitive/primitive.go:29.100,35.16 6 1
github.com/Gophercises/Exercise_18/primitive/primitive.go:38.2,39.16 2 1
github.com/Gophercises/Exercise_18/primitive/primitive.go:42.2,44.17 3 1
github.com/Gophercises/Exercise_18/primitive/primitive.go:35.16,37.3 1 1
github.com/Gophercises/Exercise_18/primitive/primitive.go:39.16,41.3 1 1
github.com/Gophercises/Exercise_18/primitive/primitive.go:47.82,52.2 4 1
github.com/Gophercises/Exercise_18/primitive/primitive.go:55.51,57.16 2 1
github.com/Gophercises/Exercise_18/primitive/primitive.go:60.2,61.58 2 1
github.com/Gophercises/Exercise_18/primitive/primitive.go:57.16,59.3 1 1
github.com/Gophercises/Exercise_18/primitive/primitive.go:68.42,69.25 1 1
github.com/Gophercises/Exercise_18/primitive/primitive.go:69.25,71.3 1 0
